<?xml version="1.0" encoding="UTF-8"?>
<!-- Generated by org.testng.reporters.JUnitXMLReporter -->
<testsuite ignored="4" hostname="DESKTOP-CHAEDL9" failures="1" tests="3" name="Test" time="67.666" errors="0" timestamp="2022-01-02T09:41:24 IST">
  <testcase classname="testClasses.TestKiteApp" name="validationOfUserID" time="7.645"/>
  <testcase classname="testClasses.TestKiteApp1" name="validationOfErrorMsg" time="0.415"/>
  <testcase classname="testClasses.TestKiteApp2" name="validationOfErrorMsg" time="0.521">
    <failure type="java.lang.AssertionError" message="Actual Error Msg After User ID Tab do not match Expected Error Msg After User ID Tab Test Case is failed expected [Invalid username or password.] but found [Password should be minimum 6 characters.]">
      <![CDATA[java.lang.AssertionError: Actual Error Msg After User ID Tab do not match Expected Error Msg After User ID Tab Test Case is failed expected [Invalid username or password.] but found [Password should be minimum 6 characters.]
at testClasses.TestKiteApp2.validationOfErrorMsg(TestKiteApp2.java:45)
at java.base/java.util.ArrayList.forEach(ArrayList.java:1541)
... Removed 32 stack frames]]>
    </failure>
  </testcase> <!-- validationOfErrorMsg -->
  <testcase classname="base.Base" name="@BeforeTest beforeTest" time="0.0">
    <ignored/>
  </testcase> <!-- @BeforeTest beforeTest -->
  <testcase classname="base.Base" name="@BeforeTest beforeTest" time="0.0">
    <ignored/>
  </testcase> <!-- @BeforeTest beforeTest -->
  <testcase classname="base.Base" name="@AfterTest AfterTest" time="0.0">
    <ignored/>
  </testcase> <!-- @AfterTest AfterTest -->
  <testcase classname="base.Base" name="@AfterTest AfterTest" time="0.0">
    <ignored/>
  </testcase> <!-- @AfterTest AfterTest -->
</testsuite> <!-- Test -->
